# JRE version: Java(TM) SE Runtime Environment (8.0_251-b08) (build 1.8.0_251-b08)
# Java VM: Java HotSpot(TM) 64-Bit Server VM (25.251-b08 mixed mode bsd-amd64 compressed oops)
Heap:
 PSYoungGen      total 84480K, used 47611K [0x000000076ab00000, 0x0000000771800000, 0x00000007c0000000)
  eden space 61440K, 76% used [0x000000076ab00000,0x000000076d926ef8,0x000000076e700000)
  from space 23040K, 1% used [0x0000000770180000,0x00000007701d8000,0x0000000771800000)
  to   space 25088K, 0% used [0x000000076e700000,0x000000076e700000,0x000000076ff80000)
 ParOldGen       total 137728K, used 24468K [0x00000006c0000000, 0x00000006c8680000, 0x000000076ab00000)
  object space 137728K, 17% used [0x00000006c0000000,0x00000006c17e52d0,0x00000006c8680000)
 Metaspace       used 21402K, capacity 21795K, committed 22016K, reserved 1069056K
  class space    used 2139K, capacity 2254K, committed 2304K, reserved 1048576K
GC Heap History (10 events):
Event: 4.798 GC heap before
{Heap before GC invocations=5 (full 1):
 PSYoungGen      total 76288K, used 65536K [0x000000076ab00000, 0x0000000770000000, 0x00000007c0000000)
  eden space 65536K, 100% used [0x000000076ab00000,0x000000076eb00000,0x000000076eb00000)
  from space 10752K, 0% used [0x000000076eb00000,0x000000076eb00000,0x000000076f580000)
  to   space 10752K, 0% used [0x000000076f580000,0x000000076f580000,0x0000000770000000)
 ParOldGen       total 137728K, used 24444K [0x00000006c0000000, 0x00000006c8680000, 0x000000076ab00000)
  object space 137728K, 17% used [0x00000006c0000000,0x00000006c17df2d0,0x00000006c8680000)
 Metaspace       used 20950K, capacity 21305K, committed 21504K, reserved 1069056K
  class space    used 2103K, capacity 2219K, committed 2304K, reserved 1048576K
Event: 4.799 GC heap after
Heap after GC invocations=5 (full 1):
 PSYoungGen      total 76288K, used 256K [0x000000076ab00000, 0x0000000771b00000, 0x00000007c0000000)
  eden space 65536K, 0% used [0x000000076ab00000,0x000000076ab00000,0x000000076eb00000)
  from space 10752K, 2% used [0x000000076f580000,0x000000076f5c0000,0x0000000770000000)
  to   space 10752K, 0% used [0x000000076eb00000,0x000000076eb00000,0x000000076f580000)
 ParOldGen       total 137728K, used 24452K [0x00000006c0000000, 0x00000006c8680000, 0x000000076ab00000)
  object space 137728K, 17% used [0x00000006c0000000,0x00000006c17e12d0,0x00000006c8680000)
 Metaspace       used 20950K, capacity 21305K, committed 21504K, reserved 1069056K
  class space    used 2103K, capacity 2219K, committed 2304K, reserved 1048576K
}
Event: 1420.606 GC heap before
{Heap before GC invocations=6 (full 1):
 PSYoungGen      total 76288K, used 65792K [0x000000076ab00000, 0x0000000771b00000, 0x00000007c0000000)
  eden space 65536K, 100% used [0x000000076ab00000,0x000000076eb00000,0x000000076eb00000)
  from space 10752K, 2% used [0x000000076f580000,0x000000076f5c0000,0x0000000770000000)
  to   space 10752K, 0% used [0x000000076eb00000,0x000000076eb00000,0x000000076f580000)
 ParOldGen       total 137728K, used 24452K [0x00000006c0000000, 0x00000006c8680000, 0x000000076ab00000)
  object space 137728K, 17% used [0x00000006c0000000,0x00000006c17e12d0,0x00000006c8680000)
 Metaspace       used 21021K, capacity 21375K, committed 21760K, reserved 1069056K
  class space    used 2105K, capacity 2220K, committed 2304K, reserved 1048576K
Event: 1420.607 GC heap after
Heap after GC invocations=6 (full 1):
 PSYoungGen      total 75264K, used 224K [0x000000076ab00000, 0x0000000772000000, 0x00000007c0000000)
  eden space 64512K, 0% used [0x000000076ab00000,0x000000076ab00000,0x000000076ea00000)
  from space 10752K, 2% used [0x000000076eb00000,0x000000076eb38000,0x000000076f580000)
  to   space 27648K, 0% used [0x0000000770500000,0x0000000770500000,0x0000000772000000)
 ParOldGen       total 137728K, used 24460K [0x00000006c0000000, 0x00000006c8680000, 0x000000076ab00000)
  object space 137728K, 17% used [0x00000006c0000000,0x00000006c17e32d0,0x00000006c8680000)
 Metaspace       used 21021K, capacity 21375K, committed 21760K, reserved 1069056K
  class space    used 2105K, capacity 2220K, committed 2304K, reserved 1048576K
}
Event: 1421.439 GC heap before
{Heap before GC invocations=7 (full 1):
 PSYoungGen      total 75264K, used 64736K [0x000000076ab00000, 0x0000000772000000, 0x00000007c0000000)
  eden space 64512K, 100% used [0x000000076ab00000,0x000000076ea00000,0x000000076ea00000)
  from space 10752K, 2% used [0x000000076eb00000,0x000000076eb38000,0x000000076f580000)
  to   space 27648K, 0% used [0x0000000770500000,0x0000000770500000,0x0000000772000000)
 ParOldGen       total 137728K, used 24460K [0x00000006c0000000, 0x00000006c8680000, 0x000000076ab00000)
  object space 137728K, 17% used [0x00000006c0000000,0x00000006c17e32d0,0x00000006c8680000)
 Metaspace       used 21268K, capacity 21663K, committed 22016K, reserved 1069056K
  class space    used 2126K, capacity 2252K, committed 2304K, reserved 1048576K
Event: 1421.440 GC heap after
Heap after GC invocations=7 (full 1):
 PSYoungGen      total 89088K, used 530K [0x000000076ab00000, 0x0000000771e00000, 0x00000007c0000000)
  eden space 63488K, 0% used [0x000000076ab00000,0x000000076ab00000,0x000000076e900000)
  from space 25600K, 2% used [0x0000000770500000,0x0000000770584908,0x0000000771e00000)
  to   space 27136K, 0% used [0x000000076e900000,0x000000076e900000,0x0000000770380000)
 ParOldGen       total 137728K, used 24468K [0x00000006c0000000, 0x00000006c8680000, 0x000000076ab00000)
  object space 137728K, 17% used [0x00000006c0000000,0x00000006c17e52d0,0x00000006c8680000)
 Metaspace       used 21268K, capacity 21663K, committed 22016K, reserved 1069056K
  class space    used 2126K, capacity 2252K, committed 2304K, reserved 1048576K
}
Event: 1422.347 GC heap before
{Heap before GC invocations=8 (full 1):
 PSYoungGen      total 89088K, used 64018K [0x000000076ab00000, 0x0000000771e00000, 0x00000007c0000000)
  eden space 63488K, 100% used [0x000000076ab00000,0x000000076e900000,0x000000076e900000)
  from space 25600K, 2% used [0x0000000770500000,0x0000000770584908,0x0000000771e00000)
  to   space 27136K, 0% used [0x000000076e900000,0x000000076e900000,0x0000000770380000)
 ParOldGen       total 137728K, used 24468K [0x00000006c0000000, 0x00000006c8680000, 0x000000076ab00000)
  object space 137728K, 17% used [0x00000006c0000000,0x00000006c17e52d0,0x00000006c8680000)
 Metaspace       used 21303K, capacity 21663K, committed 22016K, reserved 1069056K
  class space    used 2126K, capacity 2252K, committed 2304K, reserved 1048576K
Event: 1422.348 GC heap after
Heap after GC invocations=8 (full 1):
 PSYoungGen      total 62976K, used 352K [0x000000076ab00000, 0x0000000771b00000, 0x00000007c0000000)
  eden space 62464K, 0% used [0x000000076ab00000,0x000000076ab00000,0x000000076e800000)
  from space 512K, 68% used [0x000000076e900000,0x000000076e958000,0x000000076e980000)
  to   space 26112K, 0% used [0x0000000770180000,0x0000000770180000,0x0000000771b00000)
 ParOldGen       total 137728K, used 24468K [0x00000006c0000000, 0x00000006c8680000, 0x000000076ab00000)
  object space 137728K, 17% used [0x00000006c0000000,0x00000006c17e52d0,0x00000006c8680000)
 Metaspace       used 21303K, capacity 21663K, committed 22016K, reserved 1069056K
  class space    used 2126K, capacity 2252K, committed 2304K, reserved 1048576K
}
Event: 1627.467 GC heap before
{Heap before GC invocations=9 (full 1):
 PSYoungGen      total 62976K, used 62816K [0x000000076ab00000, 0x0000000771b00000, 0x00000007c0000000)
  eden space 62464K, 100% used [0x000000076ab00000,0x000000076e800000,0x000000076e800000)
  from space 512K, 68% used [0x000000076e900000,0x000000076e958000,0x000000076e980000)
  to   space 26112K, 0% used [0x0000000770180000,0x0000000770180000,0x0000000771b00000)
 ParOldGen       total 137728K, used 24468K [0x00000006c0000000, 0x00000006c8680000, 0x000000076ab00000)
  object space 137728K, 17% used [0x00000006c0000000,0x00000006c17e52d0,0x00000006c8680000)
 Metaspace       used 21320K, capacity 21663K, committed 22016K, reserved 1069056K
  class space    used 2126K, capacity 2252K, committed 2304K, reserved 1048576K
Event: 1627.469 GC heap after
Heap after GC invocations=9 (full 1):
 PSYoungGen      total 84480K, used 352K [0x000000076ab00000, 0x0000000771800000, 0x00000007c0000000)
  eden space 61440K, 0% used [0x000000076ab00000,0x000000076ab00000,0x000000076e700000)
  from space 23040K, 1% used [0x0000000770180000,0x00000007701d8000,0x0000000771800000)
  to   space 25088K, 0% used [0x000000076e700000,0x000000076e700000,0x000000076ff80000)
 ParOldGen       total 137728K, used 24468K [0x00000006c0000000, 0x00000006c8680000, 0x000000076ab00000)
  object space 137728K, 17% used [0x00000006c0000000,0x00000006c17e52d0,0x00000006c8680000)
 Metaspace       used 21320K, capacity 21663K, committed 22016K, reserved 1069056K
  class space    used 2126K, capacity 2252K, committed 2304K, reserved 1048576K
}

