# JRE version: Java(TM) SE Runtime Environment (8.0_251-b08) (build 1.8.0_251-b08)
# Java VM: Java HotSpot(TM) 64-Bit Server VM (25.251-b08 mixed mode bsd-amd64 compressed oops)
Heap:
 PSYoungGen      total 101376K, used 35095K [0x000000076ab00000, 0x0000000773900000, 0x00000007c0000000)
  eden space 97792K, 32% used [0x000000076ab00000,0x000000076c9e1bc0,0x0000000770a80000)
  from space 3584K, 96% used [0x0000000773580000,0x00000007738e40d0,0x0000000773900000)
  to   space 10752K, 0% used [0x0000000772400000,0x0000000772400000,0x0000000772e80000)
 ParOldGen       total 126464K, used 21231K [0x00000006c0000000, 0x00000006c7b80000, 0x000000076ab00000)
  object space 126464K, 16% used [0x00000006c0000000,0x00000006c14bbfa8,0x00000006c7b80000)
 Metaspace       used 21022K, capacity 21395K, committed 21760K, reserved 1069056K
  class space    used 2114K, capacity 2222K, committed 2304K, reserved 1048576K
GC Heap History (10 events):
Event: 2.261 GC heap before
{Heap before GC invocations=1 (full 0):
 PSYoungGen      total 76288K, used 65536K [0x000000076ab00000, 0x0000000770000000, 0x00000007c0000000)
  eden space 65536K, 100% used [0x000000076ab00000,0x000000076eb00000,0x000000076eb00000)
  from space 10752K, 0% used [0x000000076f580000,0x000000076f580000,0x0000000770000000)
  to   space 10752K, 0% used [0x000000076eb00000,0x000000076eb00000,0x000000076f580000)
 ParOldGen       total 175104K, used 0K [0x00000006c0000000, 0x00000006cab00000, 0x000000076ab00000)
  object space 175104K, 0% used [0x00000006c0000000,0x00000006c0000000,0x00000006cab00000)
 Metaspace       used 18991K, capacity 19331K, committed 19584K, reserved 1067008K
  class space    used 1950K, capacity 2052K, committed 2176K, reserved 1048576K
Event: 2.269 GC heap after
Heap after GC invocations=1 (full 0):
 PSYoungGen      total 76288K, used 10737K [0x000000076ab00000, 0x0000000770000000, 0x00000007c0000000)
  eden space 65536K, 0% used [0x000000076ab00000,0x000000076ab00000,0x000000076eb00000)
  from space 10752K, 99% used [0x000000076eb00000,0x000000076f57c4a0,0x000000076f580000)
  to   space 10752K, 0% used [0x000000076f580000,0x000000076f580000,0x0000000770000000)
 ParOldGen       total 175104K, used 1869K [0x00000006c0000000, 0x00000006cab00000, 0x000000076ab00000)
  object space 175104K, 1% used [0x00000006c0000000,0x00000006c01d3418,0x00000006cab00000)
 Metaspace       used 18991K, capacity 19331K, committed 19584K, reserved 1067008K
  class space    used 1950K, capacity 2052K, committed 2176K, reserved 1048576K
}
Event: 2.816 GC heap before
{Heap before GC invocations=2 (full 0):
 PSYoungGen      total 76288K, used 76273K [0x000000076ab00000, 0x0000000770000000, 0x00000007c0000000)
  eden space 65536K, 100% used [0x000000076ab00000,0x000000076eb00000,0x000000076eb00000)
  from space 10752K, 99% used [0x000000076eb00000,0x000000076f57c4a0,0x000000076f580000)
  to   space 10752K, 0% used [0x000000076f580000,0x000000076f580000,0x0000000770000000)
 ParOldGen       total 175104K, used 1869K [0x00000006c0000000, 0x00000006cab00000, 0x000000076ab00000)
  object space 175104K, 1% used [0x00000006c0000000,0x00000006c01d3418,0x00000006cab00000)
 Metaspace       used 19242K, capacity 19619K, committed 19840K, reserved 1067008K
  class space    used 1968K, capacity 2084K, committed 2176K, reserved 1048576K
Event: 2.824 GC heap after
Heap after GC invocations=2 (full 0):
 PSYoungGen      total 76288K, used 10734K [0x000000076ab00000, 0x0000000770000000, 0x00000007c0000000)
  eden space 65536K, 0% used [0x000000076ab00000,0x000000076ab00000,0x000000076eb00000)
  from space 10752K, 99% used [0x000000076f580000,0x000000076fffba18,0x0000000770000000)
  to   space 10752K, 0% used [0x000000076eb00000,0x000000076eb00000,0x000000076f580000)
 ParOldGen       total 175104K, used 2925K [0x00000006c0000000, 0x00000006cab00000, 0x000000076ab00000)
  object space 175104K, 1% used [0x00000006c0000000,0x00000006c02db428,0x00000006cab00000)
 Metaspace       used 19242K, capacity 19619K, committed 19840K, reserved 1067008K
  class space    used 1968K, capacity 2084K, committed 2176K, reserved 1048576K
}
Event: 3.101 GC heap before
{Heap before GC invocations=3 (full 0):
 PSYoungGen      total 76288K, used 51212K [0x000000076ab00000, 0x0000000770000000, 0x00000007c0000000)
  eden space 65536K, 61% used [0x000000076ab00000,0x000000076d287650,0x000000076eb00000)
  from space 10752K, 99% used [0x000000076f580000,0x000000076fffba18,0x0000000770000000)
  to   space 10752K, 0% used [0x000000076eb00000,0x000000076eb00000,0x000000076f580000)
 ParOldGen       total 175104K, used 2925K [0x00000006c0000000, 0x00000006cab00000, 0x000000076ab00000)
  object space 175104K, 1% used [0x00000006c0000000,0x00000006c02db428,0x00000006cab00000)
 Metaspace       used 20635K, capacity 20959K, committed 21248K, reserved 1069056K
  class space    used 2088K, capacity 2186K, committed 2304K, reserved 1048576K
Event: 3.108 GC heap after
Heap after GC invocations=3 (full 0):
 PSYoungGen      total 76288K, used 10744K [0x000000076ab00000, 0x0000000774000000, 0x00000007c0000000)
  eden space 65536K, 0% used [0x000000076ab00000,0x000000076ab00000,0x000000076eb00000)
  from space 10752K, 99% used [0x000000076eb00000,0x000000076f57e318,0x000000076f580000)
  to   space 10752K, 0% used [0x0000000773580000,0x0000000773580000,0x0000000774000000)
 ParOldGen       total 175104K, used 12510K [0x00000006c0000000, 0x00000006cab00000, 0x000000076ab00000)
  object space 175104K, 7% used [0x00000006c0000000,0x00000006c0c37848,0x00000006cab00000)
 Metaspace       used 20635K, capacity 20959K, committed 21248K, reserved 1069056K
  class space    used 2088K, capacity 2186K, committed 2304K, reserved 1048576K
}
Event: 3.108 GC heap before
{Heap before GC invocations=4 (full 1):
 PSYoungGen      total 76288K, used 10744K [0x000000076ab00000, 0x0000000774000000, 0x00000007c0000000)
  eden space 65536K, 0% used [0x000000076ab00000,0x000000076ab00000,0x000000076eb00000)
  from space 10752K, 99% used [0x000000076eb00000,0x000000076f57e318,0x000000076f580000)
  to   space 10752K, 0% used [0x0000000773580000,0x0000000773580000,0x0000000774000000)
 ParOldGen       total 175104K, used 12510K [0x00000006c0000000, 0x00000006cab00000, 0x000000076ab00000)
  object space 175104K, 7% used [0x00000006c0000000,0x00000006c0c37848,0x00000006cab00000)
 Metaspace       used 20635K, capacity 20959K, committed 21248K, reserved 1069056K
  class space    used 2088K, capacity 2186K, committed 2304K, reserved 1048576K
Event: 3.143 GC heap after
Heap after GC invocations=4 (full 1):
 PSYoungGen      total 76288K, used 0K [0x000000076ab00000, 0x0000000774000000, 0x00000007c0000000)
  eden space 65536K, 0% used [0x000000076ab00000,0x000000076ab00000,0x000000076eb00000)
  from space 10752K, 0% used [0x000000076eb00000,0x000000076eb00000,0x000000076f580000)
  to   space 10752K, 0% used [0x0000000773580000,0x0000000773580000,0x0000000774000000)
 ParOldGen       total 126464K, used 21223K [0x00000006c0000000, 0x00000006c7b80000, 0x000000076ab00000)
  object space 126464K, 16% used [0x00000006c0000000,0x00000006c14b9fa8,0x00000006c7b80000)
 Metaspace       used 20635K, capacity 20959K, committed 21248K, reserved 1069056K
  class space    used 2088K, capacity 2186K, committed 2304K, reserved 1048576K
}
Event: 3.871 GC heap before
{Heap before GC invocations=5 (full 1):
 PSYoungGen      total 76288K, used 65536K [0x000000076ab00000, 0x0000000774000000, 0x00000007c0000000)
  eden space 65536K, 100% used [0x000000076ab00000,0x000000076eb00000,0x000000076eb00000)
  from space 10752K, 0% used [0x000000076eb00000,0x000000076eb00000,0x000000076f580000)
  to   space 10752K, 0% used [0x0000000773580000,0x0000000773580000,0x0000000774000000)
 ParOldGen       total 126464K, used 21223K [0x00000006c0000000, 0x00000006c7b80000, 0x000000076ab00000)
  object space 126464K, 16% used [0x00000006c0000000,0x00000006c14b9fa8,0x00000006c7b80000)
 Metaspace       used 20913K, capacity 21231K, committed 21504K, reserved 1069056K
  class space    used 2101K, capacity 2188K, committed 2304K, reserved 1048576K
Event: 3.872 GC heap after
Heap after GC invocations=5 (full 1):
 PSYoungGen      total 101376K, used 3472K [0x000000076ab00000, 0x0000000773900000, 0x00000007c0000000)
  eden space 97792K, 0% used [0x000000076ab00000,0x000000076ab00000,0x0000000770a80000)
  from space 3584K, 96% used [0x0000000773580000,0x00000007738e40d0,0x0000000773900000)
  to   space 10752K, 0% used [0x0000000772400000,0x0000000772400000,0x0000000772e80000)
 ParOldGen       total 126464K, used 21231K [0x00000006c0000000, 0x00000006c7b80000, 0x000000076ab00000)
  object space 126464K, 16% used [0x00000006c0000000,0x00000006c14bbfa8,0x00000006c7b80000)
 Metaspace       used 20913K, capacity 21231K, committed 21504K, reserved 1069056K
  class space    used 2101K, capacity 2188K, committed 2304K, reserved 1048576K
}

