# JRE version: Java(TM) SE Runtime Environment (8.0_251-b08) (build 1.8.0_251-b08)
# Java VM: Java HotSpot(TM) 64-Bit Server VM (25.251-b08 mixed mode bsd-amd64 compressed oops)
Heap:
 PSYoungGen      total 103424K, used 39398K [0x000000076ab00000, 0x0000000771e00000, 0x00000007c0000000)
  eden space 94208K, 40% used [0x000000076ab00000,0x000000076d0b1b38,0x0000000770700000)
  from space 9216K, 8% used [0x0000000771500000,0x00000007715c8000,0x0000000771e00000)
  to   space 11776K, 0% used [0x0000000770700000,0x0000000770700000,0x0000000771280000)
 ParOldGen       total 120320K, used 16436K [0x00000006c0000000, 0x00000006c7580000, 0x000000076ab00000)
  object space 120320K, 13% used [0x00000006c0000000,0x00000006c100d3f0,0x00000006c7580000)
 Metaspace       used 21699K, capacity 22089K, committed 22272K, reserved 1069056K
  class space    used 2114K, capacity 2223K, committed 2304K, reserved 1048576K
GC Heap History (10 events):
Event: 364.217 GC heap before
{Heap before GC invocations=11 (full 1):
 PSYoungGen      total 106496K, used 106048K [0x000000076ab00000, 0x0000000773000000, 0x00000007c0000000)
  eden space 105472K, 100% used [0x000000076ab00000,0x0000000771200000,0x0000000771200000)
  from space 1024K, 56% used [0x0000000771480000,0x0000000771510000,0x0000000771580000)
  to   space 15360K, 0% used [0x0000000772100000,0x0000000772100000,0x0000000773000000)
 ParOldGen       total 120320K, used 16420K [0x00000006c0000000, 0x00000006c7580000, 0x000000076ab00000)
  object space 120320K, 13% used [0x00000006c0000000,0x00000006c10093f0,0x00000006c7580000)
 Metaspace       used 21609K, capacity 21989K, committed 22272K, reserved 1069056K
  class space    used 2101K, capacity 2189K, committed 2304K, reserved 1048576K
Event: 364.220 GC heap after
Heap after GC invocations=11 (full 1):
 PSYoungGen      total 114688K, used 544K [0x000000076ab00000, 0x0000000772c80000, 0x00000007c0000000)
  eden space 102912K, 0% used [0x000000076ab00000,0x000000076ab00000,0x0000000770f80000)
  from space 11776K, 4% used [0x0000000772100000,0x0000000772188000,0x0000000772c80000)
  to   space 14848K, 0% used [0x0000000770f80000,0x0000000770f80000,0x0000000771e00000)
 ParOldGen       total 120320K, used 16420K [0x00000006c0000000, 0x00000006c7580000, 0x000000076ab00000)
  object space 120320K, 13% used [0x00000006c0000000,0x00000006c10093f0,0x00000006c7580000)
 Metaspace       used 21609K, capacity 21989K, committed 22272K, reserved 1069056K
  class space    used 2101K, capacity 2189K, committed 2304K, reserved 1048576K
}
Event: 379.835 GC heap before
{Heap before GC invocations=12 (full 1):
 PSYoungGen      total 114688K, used 103456K [0x000000076ab00000, 0x0000000772c80000, 0x00000007c0000000)
  eden space 102912K, 100% used [0x000000076ab00000,0x0000000770f80000,0x0000000770f80000)
  from space 11776K, 4% used [0x0000000772100000,0x0000000772188000,0x0000000772c80000)
  to   space 14848K, 0% used [0x0000000770f80000,0x0000000770f80000,0x0000000771e00000)
 ParOldGen       total 120320K, used 16420K [0x00000006c0000000, 0x00000006c7580000, 0x000000076ab00000)
  object space 120320K, 13% used [0x00000006c0000000,0x00000006c10093f0,0x00000006c7580000)
 Metaspace       used 21622K, capacity 21989K, committed 22272K, reserved 1069056K
  class space    used 2101K, capacity 2189K, committed 2304K, reserved 1048576K
Event: 379.837 GC heap after
Heap after GC invocations=12 (full 1):
 PSYoungGen      total 101376K, used 544K [0x000000076ab00000, 0x0000000772800000, 0x00000007c0000000)
  eden space 100352K, 0% used [0x000000076ab00000,0x000000076ab00000,0x0000000770d00000)
  from space 1024K, 53% used [0x0000000770f80000,0x0000000771008000,0x0000000771080000)
  to   space 13824K, 0% used [0x0000000771a80000,0x0000000771a80000,0x0000000772800000)
 ParOldGen       total 120320K, used 16420K [0x00000006c0000000, 0x00000006c7580000, 0x000000076ab00000)
  object space 120320K, 13% used [0x00000006c0000000,0x00000006c10093f0,0x00000006c7580000)
 Metaspace       used 21622K, capacity 21989K, committed 22272K, reserved 1069056K
  class space    used 2101K, capacity 2189K, committed 2304K, reserved 1048576K
}
Event: 388.894 GC heap before
{Heap before GC invocations=13 (full 1):
 PSYoungGen      total 101376K, used 100896K [0x000000076ab00000, 0x0000000772800000, 0x00000007c0000000)
  eden space 100352K, 100% used [0x000000076ab00000,0x0000000770d00000,0x0000000770d00000)
  from space 1024K, 53% used [0x0000000770f80000,0x0000000771008000,0x0000000771080000)
  to   space 13824K, 0% used [0x0000000771a80000,0x0000000771a80000,0x0000000772800000)
 ParOldGen       total 120320K, used 16420K [0x00000006c0000000, 0x00000006c7580000, 0x000000076ab00000)
  object space 120320K, 13% used [0x00000006c0000000,0x00000006c10093f0,0x00000006c7580000)
 Metaspace       used 21622K, capacity 21989K, committed 22272K, reserved 1069056K
  class space    used 2101K, capacity 2189K, committed 2304K, reserved 1048576K
Event: 388.896 GC heap after
Heap after GC invocations=13 (full 1):
 PSYoungGen      total 109056K, used 608K [0x000000076ab00000, 0x0000000772500000, 0x00000007c0000000)
  eden space 98304K, 0% used [0x000000076ab00000,0x000000076ab00000,0x0000000770b00000)
  from space 10752K, 5% used [0x0000000771a80000,0x0000000771b18000,0x0000000772500000)
  to   space 13312K, 0% used [0x0000000770b00000,0x0000000770b00000,0x0000000771800000)
 ParOldGen       total 120320K, used 16420K [0x00000006c0000000, 0x00000006c7580000, 0x000000076ab00000)
  object space 120320K, 13% used [0x00000006c0000000,0x00000006c10093f0,0x00000006c7580000)
 Metaspace       used 21622K, capacity 21989K, committed 22272K, reserved 1069056K
  class space    used 2101K, capacity 2189K, committed 2304K, reserved 1048576K
}
Event: 397.684 GC heap before
{Heap before GC invocations=14 (full 1):
 PSYoungGen      total 109056K, used 98912K [0x000000076ab00000, 0x0000000772500000, 0x00000007c0000000)
  eden space 98304K, 100% used [0x000000076ab00000,0x0000000770b00000,0x0000000770b00000)
  from space 10752K, 5% used [0x0000000771a80000,0x0000000771b18000,0x0000000772500000)
  to   space 13312K, 0% used [0x0000000770b00000,0x0000000770b00000,0x0000000771800000)
 ParOldGen       total 120320K, used 16420K [0x00000006c0000000, 0x00000006c7580000, 0x000000076ab00000)
  object space 120320K, 13% used [0x00000006c0000000,0x00000006c10093f0,0x00000006c7580000)
 Metaspace       used 21622K, capacity 21989K, committed 22272K, reserved 1069056K
  class space    used 2101K, capacity 2189K, committed 2304K, reserved 1048576K
Event: 397.686 GC heap after
Heap after GC invocations=14 (full 1):
 PSYoungGen      total 97280K, used 736K [0x000000076ab00000, 0x0000000772100000, 0x00000007c0000000)
  eden space 96256K, 0% used [0x000000076ab00000,0x000000076ab00000,0x0000000770900000)
  from space 1024K, 71% used [0x0000000770b00000,0x0000000770bb8000,0x0000000770c00000)
  to   space 12288K, 0% used [0x0000000771500000,0x0000000771500000,0x0000000772100000)
 ParOldGen       total 120320K, used 16428K [0x00000006c0000000, 0x00000006c7580000, 0x000000076ab00000)
  object space 120320K, 13% used [0x00000006c0000000,0x00000006c100b3f0,0x00000006c7580000)
 Metaspace       used 21622K, capacity 21989K, committed 22272K, reserved 1069056K
  class space    used 2101K, capacity 2189K, committed 2304K, reserved 1048576K
}
Event: 596.224 GC heap before
{Heap before GC invocations=15 (full 1):
 PSYoungGen      total 97280K, used 96992K [0x000000076ab00000, 0x0000000772100000, 0x00000007c0000000)
  eden space 96256K, 100% used [0x000000076ab00000,0x0000000770900000,0x0000000770900000)
  from space 1024K, 71% used [0x0000000770b00000,0x0000000770bb8000,0x0000000770c00000)
  to   space 12288K, 0% used [0x0000000771500000,0x0000000771500000,0x0000000772100000)
 ParOldGen       total 120320K, used 16428K [0x00000006c0000000, 0x00000006c7580000, 0x000000076ab00000)
  object space 120320K, 13% used [0x00000006c0000000,0x00000006c100b3f0,0x00000006c7580000)
 Metaspace       used 21633K, capacity 21989K, committed 22272K, reserved 1069056K
  class space    used 2101K, capacity 2189K, committed 2304K, reserved 1048576K
Event: 596.226 GC heap after
Heap after GC invocations=15 (full 1):
 PSYoungGen      total 103424K, used 800K [0x000000076ab00000, 0x0000000771e00000, 0x00000007c0000000)
  eden space 94208K, 0% used [0x000000076ab00000,0x000000076ab00000,0x0000000770700000)
  from space 9216K, 8% used [0x0000000771500000,0x00000007715c8000,0x0000000771e00000)
  to   space 11776K, 0% used [0x0000000770700000,0x0000000770700000,0x0000000771280000)
 ParOldGen       total 120320K, used 16436K [0x00000006c0000000, 0x00000006c7580000, 0x000000076ab00000)
  object space 120320K, 13% used [0x00000006c0000000,0x00000006c100d3f0,0x00000006c7580000)
 Metaspace       used 21633K, capacity 21989K, committed 22272K, reserved 1069056K
  class space    used 2101K, capacity 2189K, committed 2304K, reserved 1048576K
}

